<?xml version="1.0" encoding="UTF-8"?>
<testng-results skipped="0" failed="0" ignored="0" total="1" passed="1">
  <reporter-output>
  </reporter-output>
  <suite name="Default suite" duration-ms="11232" started-at="2021-10-25T06:49:47Z" finished-at="2021-10-25T06:49:58Z">
    <groups>
    </groups>
    <test name="Default test" duration-ms="11232" started-at="2021-10-25T06:49:47Z" finished-at="2021-10-25T06:49:58Z">
      <class name="test.AddCustomerTest">
        <test-method status="PASS" signature="validUserShouldBeAbleToCreateCustomer()[pri:0, instance:test.AddCustomerTest@69e153c5]" name="validUserShouldBeAbleToCreateCustomer" duration-ms="11213" started-at="2021-10-25T06:49:47Z" finished-at="2021-10-25T06:49:58Z">
          <reporter-output>
          </reporter-output>
        </test-method> <!-- validUserShouldBeAbleToCreateCustomer -->
      </class> <!-- test.AddCustomerTest -->
    </test> <!-- Default test -->
  </suite> <!-- Default suite -->
</testng-results>
